{"H:\\INFO305\\INFO30005_NBO\\app.js":{"path":"H:\\INFO305\\INFO30005_NBO\\app.js","s":{"1":1,"2":1,"3":1,"4":1,"5":1,"6":1,"7":1,"8":1,"9":1,"10":1,"11":1,"12":1,"13":1,"14":1,"15":1,"16":1,"17":1,"18":1,"19":1,"20":1,"21":1,"22":1,"23":1,"24":1,"25":1,"26":1,"27":0,"28":1,"29":0,"30":0,"31":0,"32":0,"33":1},"b":{"1":[0,0],"2":[0,0]},"f":{"1":0,"2":0},"fnMap":{"1":{"name":"(anonymous_1)","line":49,"loc":{"start":{"line":49,"column":8},"end":{"line":49,"column":34}}},"2":{"name":"(anonymous_2)","line":54,"loc":{"start":{"line":54,"column":8},"end":{"line":54,"column":33}}}},"statementMap":{"1":{"start":{"line":2,"column":0},"end":{"line":2,"column":41}},"2":{"start":{"line":3,"column":0},"end":{"line":3,"column":33}},"3":{"start":{"line":4,"column":0},"end":{"line":4,"column":27}},"4":{"start":{"line":5,"column":0},"end":{"line":5,"column":44}},"5":{"start":{"line":6,"column":0},"end":{"line":6,"column":31}},"6":{"start":{"line":7,"column":0},"end":{"line":7,"column":27}},"7":{"start":{"line":12,"column":0},"end":{"line":12,"column":35}},"8":{"start":{"line":15,"column":0},"end":{"line":15,"column":50}},"9":{"start":{"line":16,"column":0},"end":{"line":16,"column":46}},"10":{"start":{"line":17,"column":0},"end":{"line":17,"column":46}},"11":{"start":{"line":18,"column":0},"end":{"line":18,"column":40}},"12":{"start":{"line":21,"column":0},"end":{"line":21,"column":20}},"13":{"start":{"line":22,"column":0},"end":{"line":22,"column":16}},"14":{"start":{"line":24,"column":0},"end":{"line":24,"column":25}},"15":{"start":{"line":29,"column":0},"end":{"line":29,"column":103}},"16":{"start":{"line":30,"column":0},"end":{"line":30,"column":48}},"17":{"start":{"line":31,"column":0},"end":{"line":31,"column":30}},"18":{"start":{"line":33,"column":0},"end":{"line":33,"column":23}},"19":{"start":{"line":34,"column":0},"end":{"line":34,"column":24}},"20":{"start":{"line":35,"column":0},"end":{"line":35,"column":49}},"21":{"start":{"line":36,"column":0},"end":{"line":36,"column":24}},"22":{"start":{"line":37,"column":0},"end":{"line":37,"column":56}},"23":{"start":{"line":42,"column":0},"end":{"line":42,"column":25}},"24":{"start":{"line":43,"column":0},"end":{"line":43,"column":31}},"25":{"start":{"line":44,"column":0},"end":{"line":44,"column":31}},"26":{"start":{"line":49,"column":0},"end":{"line":51,"column":3}},"27":{"start":{"line":50,"column":2},"end":{"line":50,"column":25}},"28":{"start":{"line":54,"column":0},"end":{"line":62,"column":3}},"29":{"start":{"line":56,"column":2},"end":{"line":56,"column":35}},"30":{"start":{"line":57,"column":2},"end":{"line":57,"column":69}},"31":{"start":{"line":60,"column":2},"end":{"line":60,"column":32}},"32":{"start":{"line":61,"column":2},"end":{"line":61,"column":22}},"33":{"start":{"line":64,"column":0},"end":{"line":64,"column":21}}},"branchMap":{"1":{"line":57,"type":"cond-expr","locations":[{"start":{"line":57,"column":60},"end":{"line":57,"column":63}},{"start":{"line":57,"column":66},"end":{"line":57,"column":68}}]},"2":{"line":60,"type":"binary-expr","locations":[{"start":{"line":60,"column":13},"end":{"line":60,"column":23}},{"start":{"line":60,"column":27},"end":{"line":60,"column":30}}]}}},"H:\\INFO305\\INFO30005_NBO\\models\\NBODatabase.js":{"path":"H:\\INFO305\\INFO30005_NBO\\models\\NBODatabase.js","s":{"1":1,"2":1,"3":1,"4":1,"5":1,"6":0,"7":0,"8":0,"9":1,"10":1,"11":1},"b":{"1":[0,0]},"f":{"1":0},"fnMap":{"1":{"name":"(anonymous_1)","line":11,"loc":{"start":{"line":11,"column":4},"end":{"line":11,"column":19}}}},"statementMap":{"1":{"start":{"line":3,"column":0},"end":{"line":3,"column":27}},"2":{"start":{"line":4,"column":0},"end":{"line":4,"column":37}},"3":{"start":{"line":6,"column":0},"end":{"line":6,"column":114}},"4":{"start":{"line":8,"column":0},"end":{"line":8,"column":86}},"5":{"start":{"line":10,"column":0},"end":{"line":17,"column":7}},"6":{"start":{"line":12,"column":8},"end":{"line":16,"column":9}},"7":{"start":{"line":13,"column":12},"end":{"line":13,"column":47}},"8":{"start":{"line":15,"column":12},"end":{"line":15,"column":60}},"9":{"start":{"line":19,"column":0},"end":{"line":19,"column":22}},"10":{"start":{"line":20,"column":0},"end":{"line":20,"column":25}},"11":{"start":{"line":21,"column":0},"end":{"line":21,"column":32}}},"branchMap":{"1":{"line":12,"type":"if","locations":[{"start":{"line":12,"column":8},"end":{"line":12,"column":8}},{"start":{"line":12,"column":8},"end":{"line":12,"column":8}}]}}},"H:\\INFO305\\INFO30005_NBO\\models\\users.js":{"path":"H:\\INFO305\\INFO30005_NBO\\models\\users.js","s":{"1":1,"2":1,"3":1,"4":1,"5":1},"b":{},"f":{},"fnMap":{},"statementMap":{"1":{"start":{"line":3,"column":0},"end":{"line":3,"column":35}},"2":{"start":{"line":4,"column":0},"end":{"line":4,"column":29}},"3":{"start":{"line":6,"column":0},"end":{"line":9,"column":28}},"4":{"start":{"line":11,"column":0},"end":{"line":11,"column":38}},"5":{"start":{"line":13,"column":0},"end":{"line":13,"column":36}}},"branchMap":{}},"H:\\INFO305\\INFO30005_NBO\\models\\carParks.js":{"path":"H:\\INFO305\\INFO30005_NBO\\models\\carParks.js","s":{"1":1,"2":1,"3":1,"4":1,"5":1},"b":{},"f":{},"fnMap":{},"statementMap":{"1":{"start":{"line":3,"column":0},"end":{"line":3,"column":35}},"2":{"start":{"line":4,"column":0},"end":{"line":4,"column":29}},"3":{"start":{"line":6,"column":0},"end":{"line":18,"column":31}},"4":{"start":{"line":20,"column":0},"end":{"line":20,"column":41}},"5":{"start":{"line":21,"column":0},"end":{"line":21,"column":39}}},"branchMap":{}},"H:\\INFO305\\INFO30005_NBO\\models\\parkingLocation.js":{"path":"H:\\INFO305\\INFO30005_NBO\\models\\parkingLocation.js","s":{"1":1,"2":1,"3":1,"4":1,"5":1},"b":{},"f":{},"fnMap":{},"statementMap":{"1":{"start":{"line":3,"column":0},"end":{"line":3,"column":35}},"2":{"start":{"line":4,"column":0},"end":{"line":4,"column":29}},"3":{"start":{"line":6,"column":0},"end":{"line":12,"column":38}},"4":{"start":{"line":14,"column":0},"end":{"line":14,"column":52}},"5":{"start":{"line":16,"column":0},"end":{"line":16,"column":50}}},"branchMap":{}},"H:\\INFO305\\INFO30005_NBO\\routes\\homeRouter.js":{"path":"H:\\INFO305\\INFO30005_NBO\\routes\\homeRouter.js","s":{"1":1,"2":1,"3":1,"4":0,"5":1},"b":{},"f":{"1":0},"fnMap":{"1":{"name":"(anonymous_1)","line":7,"loc":{"start":{"line":7,"column":16},"end":{"line":7,"column":36}}}},"statementMap":{"1":{"start":{"line":3,"column":0},"end":{"line":3,"column":33}},"2":{"start":{"line":4,"column":0},"end":{"line":4,"column":30}},"3":{"start":{"line":7,"column":0},"end":{"line":9,"column":3}},"4":{"start":{"line":8,"column":2},"end":{"line":8,"column":22}},"5":{"start":{"line":11,"column":0},"end":{"line":11,"column":24}}},"branchMap":{}},"H:\\INFO305\\INFO30005_NBO\\routes\\users.js":{"path":"H:\\INFO305\\INFO30005_NBO\\routes\\users.js","s":{"1":1,"2":1,"3":1,"4":1,"5":1,"6":1,"7":1,"8":1,"9":1,"10":1,"11":1,"12":0,"13":1},"b":{},"f":{"1":0},"fnMap":{"1":{"name":"(anonymous_1)","line":17,"loc":{"start":{"line":17,"column":16},"end":{"line":17,"column":36}}}},"statementMap":{"1":{"start":{"line":3,"column":0},"end":{"line":3,"column":33}},"2":{"start":{"line":4,"column":0},"end":{"line":4,"column":30}},"3":{"start":{"line":5,"column":0},"end":{"line":5,"column":65}},"4":{"start":{"line":7,"column":0},"end":{"line":7,"column":56}},"5":{"start":{"line":8,"column":0},"end":{"line":8,"column":57}},"6":{"start":{"line":9,"column":0},"end":{"line":9,"column":61}},"7":{"start":{"line":10,"column":0},"end":{"line":10,"column":52}},"8":{"start":{"line":11,"column":0},"end":{"line":11,"column":52}},"9":{"start":{"line":12,"column":0},"end":{"line":12,"column":56}},"10":{"start":{"line":14,"column":0},"end":{"line":14,"column":53}},"11":{"start":{"line":17,"column":0},"end":{"line":19,"column":3}},"12":{"start":{"line":18,"column":2},"end":{"line":18,"column":43}},"13":{"start":{"line":21,"column":0},"end":{"line":21,"column":24}}},"branchMap":{}},"H:\\INFO305\\INFO30005_NBO\\routes\\parks.js":{"path":"H:\\INFO305\\INFO30005_NBO\\routes\\parks.js","s":{"1":1,"2":1,"3":1,"4":1,"5":1,"6":1,"7":1,"8":1,"9":1,"10":1,"11":1,"12":1,"13":1,"14":1,"15":1,"16":1,"17":0,"18":1},"b":{},"f":{"1":0},"fnMap":{"1":{"name":"(anonymous_1)","line":24,"loc":{"start":{"line":24,"column":16},"end":{"line":24,"column":36}}}},"statementMap":{"1":{"start":{"line":3,"column":0},"end":{"line":3,"column":33}},"2":{"start":{"line":4,"column":0},"end":{"line":4,"column":30}},"3":{"start":{"line":5,"column":0},"end":{"line":5,"column":65}},"4":{"start":{"line":8,"column":0},"end":{"line":8,"column":64}},"5":{"start":{"line":9,"column":0},"end":{"line":9,"column":54}},"6":{"start":{"line":10,"column":0},"end":{"line":10,"column":52}},"7":{"start":{"line":11,"column":0},"end":{"line":11,"column":54}},"8":{"start":{"line":12,"column":0},"end":{"line":12,"column":57}},"9":{"start":{"line":13,"column":0},"end":{"line":13,"column":73}},"10":{"start":{"line":14,"column":0},"end":{"line":14,"column":60}},"11":{"start":{"line":15,"column":0},"end":{"line":15,"column":59}},"12":{"start":{"line":16,"column":0},"end":{"line":16,"column":60}},"13":{"start":{"line":17,"column":0},"end":{"line":17,"column":58}},"14":{"start":{"line":18,"column":0},"end":{"line":18,"column":58}},"15":{"start":{"line":19,"column":0},"end":{"line":19,"column":56}},"16":{"start":{"line":24,"column":0},"end":{"line":26,"column":3}},"17":{"start":{"line":25,"column":4},"end":{"line":25,"column":45}},"18":{"start":{"line":28,"column":0},"end":{"line":28,"column":24}}},"branchMap":{}}}