TN:
SF:H:\INFO305\INFO30005_NBO\app.js
FN:49,(anonymous_1)
FN:54,(anonymous_2)
FNF:2
FNH:0
FNDA:0,(anonymous_1)
FNDA:0,(anonymous_2)
DA:2,1
DA:3,1
DA:4,1
DA:5,1
DA:6,1
DA:7,1
DA:12,1
DA:15,1
DA:16,1
DA:17,1
DA:18,1
DA:21,1
DA:22,1
DA:24,1
DA:29,1
DA:30,1
DA:31,1
DA:33,1
DA:34,1
DA:35,1
DA:36,1
DA:37,1
DA:42,1
DA:43,1
DA:44,1
DA:49,1
DA:50,0
DA:54,1
DA:56,0
DA:57,0
DA:60,0
DA:61,0
DA:64,1
LF:33
LH:28
BRDA:57,1,0,0
BRDA:57,1,1,0
BRDA:60,2,0,0
BRDA:60,2,1,0
BRF:4
BRH:0
end_of_record
TN:
SF:H:\INFO305\INFO30005_NBO\models\NBODatabase.js
FN:11,(anonymous_1)
FNF:1
FNH:0
FNDA:0,(anonymous_1)
DA:3,1
DA:4,1
DA:6,1
DA:8,1
DA:10,1
DA:12,0
DA:13,0
DA:15,0
DA:19,1
DA:20,1
DA:21,1
LF:11
LH:8
BRDA:12,1,0,0
BRDA:12,1,1,0
BRF:2
BRH:0
end_of_record
TN:
SF:H:\INFO305\INFO30005_NBO\models\users.js
FNF:0
FNH:0
DA:3,1
DA:4,1
DA:6,1
DA:11,1
DA:13,1
LF:5
LH:5
BRF:0
BRH:0
end_of_record
TN:
SF:H:\INFO305\INFO30005_NBO\models\carParks.js
FNF:0
FNH:0
DA:3,1
DA:4,1
DA:6,1
DA:20,1
DA:21,1
LF:5
LH:5
BRF:0
BRH:0
end_of_record
TN:
SF:H:\INFO305\INFO30005_NBO\models\parkingLocation.js
FNF:0
FNH:0
DA:3,1
DA:4,1
DA:6,1
DA:14,1
DA:16,1
LF:5
LH:5
BRF:0
BRH:0
end_of_record
TN:
SF:H:\INFO305\INFO30005_NBO\routes\homeRouter.js
FN:7,(anonymous_1)
FNF:1
FNH:0
FNDA:0,(anonymous_1)
DA:3,1
DA:4,1
DA:7,1
DA:8,0
DA:11,1
LF:5
LH:4
BRF:0
BRH:0
end_of_record
TN:
SF:H:\INFO305\INFO30005_NBO\routes\users.js
FN:17,(anonymous_1)
FNF:1
FNH:0
FNDA:0,(anonymous_1)
DA:3,1
DA:4,1
DA:5,1
DA:7,1
DA:8,1
DA:9,1
DA:10,1
DA:11,1
DA:12,1
DA:14,1
DA:17,1
DA:18,0
DA:21,1
LF:13
LH:12
BRF:0
BRH:0
end_of_record
TN:
SF:H:\INFO305\INFO30005_NBO\routes\parks.js
FN:24,(anonymous_1)
FNF:1
FNH:0
FNDA:0,(anonymous_1)
DA:3,1
DA:4,1
DA:5,1
DA:8,1
DA:9,1
DA:10,1
DA:11,1
DA:12,1
DA:13,1
DA:14,1
DA:15,1
DA:16,1
DA:17,1
DA:18,1
DA:19,1
DA:24,1
DA:25,0
DA:28,1
LF:18
LH:17
BRF:0
BRH:0
end_of_record
